<?xml version="1.0" encoding="UTF-8"?>
<!-- Generated by org.testng.reporters.JUnitXMLReporter -->
<testsuite ignored="0" hostname="Divya" failures="1" tests="2" name="API Tests" time="2.249" errors="0" timestamp="2025-03-21T11:57:35 GMT">
  <testcase classname="com.testautomation.tests.apiTestSuiteRunner" name="runScenario" time="1.97"/>
  <testcase classname="com.testautomation.tests.apiTestSuiteRunner" name="runScenario" time="0.22">
    <failure type="java.lang.AssertionError" message="expected [201] but found [400]">
      <![CDATA[java.lang.AssertionError: expected [201] but found [400]
at com.testautomation.stepdefinitions.APIStepdefinition.theResponseStatusShouldBe(APIStepdefinition.java:54)
at âœ½.the response status should be 201(file:///C:/Users/vicho/eclipse-workspace/CucumberMavenProject/src/test/resources/features/API/APITest.feature:14)
... Removed 6 stack frames]]>
    </failure>
  </testcase> <!-- runScenario -->
</testsuite> <!-- API Tests -->
