<?xml version="1.0" encoding="UTF-8"?>
<testng-results ignored="0" total="3" passed="2" failed="1" skipped="0">
  <reporter-output>
  </reporter-output>
  <suite started-at="2025-03-24T11:31:55 GMT" name="TestSuite" finished-at="2025-03-24T11:31:58 GMT" duration-ms="2409">
    <groups>
    </groups>
    <test started-at="2025-03-24T11:31:55 GMT" name="UI Tests" finished-at="2025-03-24T11:31:56 GMT" duration-ms="513">
      <class name="com.testautomation.tests.uiTestSuiteRunner">
        <test-method is-config="true" signature="setUp(java.lang.String)[pri:0, instance:com.testautomation.tests.uiTestSuiteRunner@30c15d8b]" started-at="2025-03-24T11:31:55 GMT" name="setUp" finished-at="2025-03-24T11:31:55 GMT" duration-ms="15" status="PASS">
          <params>
            <param index="0">
              <value>
                <![CDATA[API]]>
              </value>
            </param>
          </params>
          <reporter-output>
          </reporter-output>
        </test-method> <!-- setUp -->
        <test-method is-config="true" signature="setUpClass(org.testng.ITestContext)[pri:0, instance:com.testautomation.tests.uiTestSuiteRunner@30c15d8b]" started-at="2025-03-24T11:31:55 GMT" name="setUpClass" finished-at="2025-03-24T11:31:56 GMT" duration-ms="420" status="PASS">
          <params>
            <param index="0">
              <value>
                <![CDATA[org.testng.TestRunner@68ddd415]]>
              </value>
            </param>
          </params>
          <reporter-output>
          </reporter-output>
        </test-method> <!-- setUpClass -->
        <test-method signature="runScenario(io.cucumber.testng.PickleWrapper,io.cucumber.testng.FeatureWrapper)[pri:0, instance:com.testautomation.tests.uiTestSuiteRunner@30c15d8b]" started-at="2025-03-24T11:31:56 GMT" name="runScenario" data-provider="scenarios" finished-at="2025-03-24T11:31:56 GMT" duration-ms="5" status="PASS">
          <params>
            <param index="0">
              <value>
                <![CDATA["Check Login instagram page"]]>
              </value>
            </param>
            <param index="1">
              <value>
                <![CDATA["Optional[Login Functionality]"]]>
              </value>
            </param>
          </params>
          <reporter-output>
          </reporter-output>
        </test-method> <!-- runScenario -->
        <test-method is-config="true" signature="tearDown()[pri:0, instance:com.testautomation.tests.uiTestSuiteRunner@30c15d8b]" started-at="2025-03-24T11:31:56 GMT" name="tearDown" finished-at="2025-03-24T11:31:56 GMT" duration-ms="0" status="PASS">
          <reporter-output>
          </reporter-output>
        </test-method> <!-- tearDown -->
        <test-method is-config="true" signature="tearDownClass()[pri:0, instance:com.testautomation.tests.uiTestSuiteRunner@30c15d8b]" started-at="2025-03-24T11:31:56 GMT" name="tearDownClass" finished-at="2025-03-24T11:31:56 GMT" duration-ms="30" status="PASS">
          <reporter-output>
          </reporter-output>
        </test-method> <!-- tearDownClass -->
      </class> <!-- com.testautomation.tests.uiTestSuiteRunner -->
    </test> <!-- UI Tests -->
    <test started-at="2025-03-24T11:31:56 GMT" name="API Tests" finished-at="2025-03-24T11:31:58 GMT" duration-ms="1854">
      <class name="com.testautomation.tests.apiTestSuiteRunner">
        <test-method is-config="true" signature="setUp(java.lang.String)[pri:0, instance:com.testautomation.tests.apiTestSuiteRunner@198b6731]" started-at="2025-03-24T11:31:56 GMT" name="setUp" finished-at="2025-03-24T11:31:56 GMT" duration-ms="1" status="PASS">
          <params>
            <param index="0">
              <value>
                <![CDATA[API]]>
              </value>
            </param>
          </params>
          <reporter-output>
          </reporter-output>
        </test-method> <!-- setUp -->
        <test-method is-config="true" signature="setUpClass(org.testng.ITestContext)[pri:0, instance:com.testautomation.tests.apiTestSuiteRunner@198b6731]" started-at="2025-03-24T11:31:56 GMT" name="setUpClass" finished-at="2025-03-24T11:31:56 GMT" duration-ms="16" status="PASS">
          <params>
            <param index="0">
              <value>
                <![CDATA[org.testng.TestRunner@306c7bf6]]>
              </value>
            </param>
          </params>
          <reporter-output>
          </reporter-output>
        </test-method> <!-- setUpClass -->
        <test-method signature="runScenario(io.cucumber.testng.PickleWrapper,io.cucumber.testng.FeatureWrapper)[pri:0, instance:com.testautomation.tests.apiTestSuiteRunner@198b6731]" started-at="2025-03-24T11:31:56 GMT" name="runScenario" data-provider="scenarios" finished-at="2025-03-24T11:31:57 GMT" duration-ms="1578" status="PASS">
          <params>
            <param index="0">
              <value>
                <![CDATA["Verify API Get Request"]]>
              </value>
            </param>
            <param index="1">
              <value>
                <![CDATA["Optional[Valid Get Request]"]]>
              </value>
            </param>
          </params>
          <reporter-output>
          </reporter-output>
        </test-method> <!-- runScenario -->
        <test-method signature="runScenario(io.cucumber.testng.PickleWrapper,io.cucumber.testng.FeatureWrapper)[pri:0, instance:com.testautomation.tests.apiTestSuiteRunner@198b6731]" started-at="2025-03-24T11:31:57 GMT" name="runScenario" data-provider="scenarios" finished-at="2025-03-24T11:31:58 GMT" duration-ms="215" status="FAIL">
          <params>
            <param index="0">
              <value>
                <![CDATA["Verify API POST Request to verify a user"]]>
              </value>
            </param>
            <param index="1">
              <value>
                <![CDATA["Optional[Valid Get Request]"]]>
              </value>
            </param>
          </params>
          <exception class="java.lang.AssertionError">
            <message>
              <![CDATA[expected [201] but found [400]]]>
            </message>
            <full-stacktrace>
              <![CDATA[java.lang.AssertionError: expected [201] but found [400]
at org.testng.Assert.fail(Assert.java:99)
at org.testng.Assert.failNotEquals(Assert.java:1037)
at org.testng.Assert.assertEqualsImpl(Assert.java:140)
at org.testng.Assert.assertEquals(Assert.java:122)
at org.testng.Assert.assertEquals(Assert.java:907)
at org.testng.Assert.assertEquals(Assert.java:917)
at com.testautomation.stepdefinitions.APIStepdefinition.theResponseStatusShouldBe(APIStepdefinition.java:54)
at âœ½.the response status should be 201(file:///C:/Users/vicho/eclipse-workspace/CucumberMavenProject/src/test/resources/features/API/APITest.feature:14)
]]>
            </full-stacktrace>
          </exception> <!-- java.lang.AssertionError -->
          <reporter-output>
          </reporter-output>
        </test-method> <!-- runScenario -->
        <test-method is-config="true" signature="tearDown()[pri:0, instance:com.testautomation.tests.apiTestSuiteRunner@198b6731]" started-at="2025-03-24T11:31:58 GMT" name="tearDown" finished-at="2025-03-24T11:31:58 GMT" duration-ms="1" status="PASS">
          <reporter-output>
          </reporter-output>
        </test-method> <!-- tearDown -->
        <test-method is-config="true" signature="tearDownClass()[pri:0, instance:com.testautomation.tests.apiTestSuiteRunner@198b6731]" started-at="2025-03-24T11:31:58 GMT" name="tearDownClass" finished-at="2025-03-24T11:31:58 GMT" duration-ms="31" status="PASS">
          <reporter-output>
          </reporter-output>
        </test-method> <!-- tearDownClass -->
      </class> <!-- com.testautomation.tests.apiTestSuiteRunner -->
    </test> <!-- API Tests -->
  </suite> <!-- TestSuite -->
</testng-results>
